
____________________________________________________________________________________________________
Three Address Code:
____________________________________________________________________________________________________

L0: max_self: 
L1:      t0 = *a
L2:      if b > t0 goto 5
L3:      goto 8
L4:      goto 8
L5:      t1 = *a
L6:      *a = b
L7:      goto 8
L8:      return 

L9: min_self: 
L10:      t0 = *a
L11:      if b < t0 goto 14
L12:      goto 17
L13:      goto 17
L14:      t1 = *a
L15:      *a = b
L16:      goto 17
L17:      return 

L18: max: 
L19:      if a > b goto 22
L20:      goto 24
L21:      goto 24
L22:      return a
L23:      goto 24
L24:      return b

L25: min: 
L26:      t0 = a + b
L27:      param a
L28:      param b
L29:      t1 = call max, 2
L30:      t2 = t0 - t1
L31:      return t2

L32: swap: 
L33:      t0 = *a
L34:      use = t0
L35:      t1 = *a
L36:      t2 = *b
L37:      *a = t2
L38:      t3 = *b
L39:      *b = use
L40:      return 

L41: sum: 
L42:      t0 = *res
L43:      t1 = a + b
L44:      *res = t1
L45:      return 

L46: diff: 
L47:      t0 = *res
L48:      t1 = a - b
L49:      *res = t1
L50:      return 

L51: main: 
L52:      t0 = 0
L53:      a = t0
L54:      t1 = 122
L55:      b = t1
L56:      t2 = &a
L57:      param t2
L58:      param b
L59:      t3 = call max_self, 2
L60:      t4 = 5.6345
L61:      x = t4
L62:      t5 = &a
L63:      param t5
L64:      t6 = &B
L65:      param t6
L66:      t7 = call swapTwoNumbers, 2
L67:      t8 = 0
L68:      return t8
____________________________________________________________________________________________________
____________________________________________________________________________________________________
Table Name: Global			 Parent Name: NULL
____________________________________________________________________________________________________
Name            Type                 Initial Value        Size            Offset          Nested
                                                                                                     
max_self        int                  -                    4               0               max_self
min_self        void                 -                    0               4               min_self
max             int                  -                    4               4               max
min             int                  -                    4               8               min
swap            int                  -                    4               12              swap
sum             int                  -                    4               16              sum
diff            int                  -                    4               20              diff
main            int                  -                    4               24              main
----------------------------------------------------------------------------------------------------

____________________________________________________________________________________________________
Table Name: max_self			 Parent Name: Global
____________________________________________________________________________________________________
Name            Type                 Initial Value        Size            Offset          Nested
                                                                                                     
a               ptr(int)             -                    4               0               NULL
b               int                  -                    4               4               NULL
return          int                  -                    4               8               NULL
t0              int                                       4               12              NULL
t1              int                                       4               16              NULL
----------------------------------------------------------------------------------------------------

____________________________________________________________________________________________________
Table Name: min_self			 Parent Name: Global
____________________________________________________________________________________________________
Name            Type                 Initial Value        Size            Offset          Nested
                                                                                                     
a               ptr(int)             -                    4               0               NULL
b               int                  -                    4               4               NULL
t0              int                                       4               8               NULL
t1              int                                       4               12              NULL
----------------------------------------------------------------------------------------------------

____________________________________________________________________________________________________
Table Name: max			 Parent Name: Global
____________________________________________________________________________________________________
Name            Type                 Initial Value        Size            Offset          Nested
                                                                                                     
a               int                  -                    4               0               NULL
b               int                  -                    4               4               NULL
return          int                  -                    4               8               NULL
----------------------------------------------------------------------------------------------------

____________________________________________________________________________________________________
Table Name: min			 Parent Name: Global
____________________________________________________________________________________________________
Name            Type                 Initial Value        Size            Offset          Nested
                                                                                                     
a               int                  -                    4               0               NULL
b               int                  -                    4               4               NULL
return          int                  -                    4               8               NULL
t0              int                                       4               12              NULL
max             int                  -                    4               16              NULL
t1              int                                       4               20              NULL
t2              int                                       4               24              NULL
----------------------------------------------------------------------------------------------------

____________________________________________________________________________________________________
Table Name: swap			 Parent Name: Global
____________________________________________________________________________________________________
Name            Type                 Initial Value        Size            Offset          Nested
                                                                                                     
a               ptr(int)             -                    4               0               NULL
b               ptr(int)             -                    4               4               NULL
return          int                  -                    4               8               NULL
use             int                  -                    4               12              NULL
t0              int                                       4               16              NULL
t1              int                                       4               20              NULL
t2              int                                       4               24              NULL
t3              int                                       4               28              NULL
----------------------------------------------------------------------------------------------------

____________________________________________________________________________________________________
Table Name: sum			 Parent Name: Global
____________________________________________________________________________________________________
Name            Type                 Initial Value        Size            Offset          Nested
                                                                                                     
res             ptr(int)             -                    4               0               NULL
a               int                  -                    4               4               NULL
b               int                  -                    4               8               NULL
return          int                  -                    4               12              NULL
t0              int                                       4               16              NULL
t1              int                                       4               20              NULL
----------------------------------------------------------------------------------------------------

____________________________________________________________________________________________________
Table Name: diff			 Parent Name: Global
____________________________________________________________________________________________________
Name            Type                 Initial Value        Size            Offset          Nested
                                                                                                     
res             ptr(int)             -                    4               0               NULL
a               int                  -                    4               4               NULL
b               int                  -                    4               8               NULL
return          int                  -                    4               12              NULL
t0              int                                       4               16              NULL
t1              int                                       4               20              NULL
----------------------------------------------------------------------------------------------------

____________________________________________________________________________________________________
Table Name: main			 Parent Name: Global
____________________________________________________________________________________________________
Name            Type                 Initial Value        Size            Offset          Nested
                                                                                                     
return          int                  -                    4               0               NULL
a               int                  0                    4               4               NULL
t0              int                  0                    4               8               NULL
b               int                  122                  4               12              NULL
t1              int                  122                  4               16              NULL
max_self        int                  -                    4               20              NULL
t2              ptr(int)                                  4               24              NULL
t3              int                                       4               28              NULL
x               float                5.6345               8               32              NULL
t4              float                5.6345               8               40              NULL
swapTwoNumbers  int                  -                    4               48              NULL
t5              ptr(int)                                  4               52              NULL
B               int                  -                    4               56              NULL
t6              ptr(int)                                  4               60              NULL
t7              int                                       4               64              NULL
t8              int                  0                    4               68              NULL
----------------------------------------------------------------------------------------------------

